<?xml version="1.0" encoding="UTF-8"?>
<!-- Generated by org.testng.reporters.JUnitXMLReporter -->
<testsuite ignored="0" hostname="LAPTOP-KC2JBNB4" failures="0" tests="4" name="Playground.lambdatest test" time="36.777" errors="0" timestamp="2023-05-12T10:25:12 CEST">
  <testcase classname="org.example.Buy" name="loginTest" time="16.056"/>
  <testcase classname="org.example.LogOut" name="logout_Test" time="4.915"/>
  <testcase classname="org.example.Register" name="Register" time="4.853"/>
  <testcase classname="org.example.Login" name="loginTest" time="4.165"/>
</testsuite> <!-- Playground.lambdatest test -->
